-------------------------------------------------------------------------------
Test set: com.tienda.TiendaApplicationTests
-------------------------------------------------------------------------------
Tests run: 1, Failures: 0, Errors: 1, Skipped: 0, Time elapsed: 3.141 s <<< FAILURE! - in com.tienda.TiendaApplicationTests
contextLoads  Time elapsed: 0.002 s  <<< ERROR!
java.lang.IllegalStateException: Failed to load ApplicationContext
Caused by: org.springframework.beans.factory.UnsatisfiedDependencyException: Error creating bean with name 'personaController': Unsatisfied dependency expressed through field 'personaService'; nested exception is org.springframework.beans.factory.UnsatisfiedDependencyException: Error creating bean with name 'personaService': Unsatisfied dependency expressed through field 'personaRepository'; nested exception is org.springframework.beans.factory.BeanCreationException: Error creating bean with name 'personaRepository' defined in com.tienda.repository.PersonaRepository defined in @EnableJpaRepositories declared on JpaRepositoriesRegistrar.EnableJpaRepositoriesConfiguration: Invocation of init method failed; nested exception is org.springframework.data.repository.query.QueryCreationException: Could not create query for public abstract java.util.List com.tienda.repository.PersonaRepository.findByName(java.lang.String); Reason: Failed to create query for method public abstract java.util.List com.tienda.repository.PersonaRepository.findByName(java.lang.String)! No property 'name' found for type 'Persona'; nested exception is java.lang.IllegalArgumentException: Failed to create query for method public abstract java.util.List com.tienda.repository.PersonaRepository.findByName(java.lang.String)! No property 'name' found for type 'Persona'
Caused by: org.springframework.beans.factory.UnsatisfiedDependencyException: Error creating bean with name 'personaService': Unsatisfied dependency expressed through field 'personaRepository'; nested exception is org.springframework.beans.factory.BeanCreationException: Error creating bean with name 'personaRepository' defined in com.tienda.repository.PersonaRepository defined in @EnableJpaRepositories declared on JpaRepositoriesRegistrar.EnableJpaRepositoriesConfiguration: Invocation of init method failed; nested exception is org.springframework.data.repository.query.QueryCreationException: Could not create query for public abstract java.util.List com.tienda.repository.PersonaRepository.findByName(java.lang.String); Reason: Failed to create query for method public abstract java.util.List com.tienda.repository.PersonaRepository.findByName(java.lang.String)! No property 'name' found for type 'Persona'; nested exception is java.lang.IllegalArgumentException: Failed to create query for method public abstract java.util.List com.tienda.repository.PersonaRepository.findByName(java.lang.String)! No property 'name' found for type 'Persona'
Caused by: org.springframework.beans.factory.BeanCreationException: Error creating bean with name 'personaRepository' defined in com.tienda.repository.PersonaRepository defined in @EnableJpaRepositories declared on JpaRepositoriesRegistrar.EnableJpaRepositoriesConfiguration: Invocation of init method failed; nested exception is org.springframework.data.repository.query.QueryCreationException: Could not create query for public abstract java.util.List com.tienda.repository.PersonaRepository.findByName(java.lang.String); Reason: Failed to create query for method public abstract java.util.List com.tienda.repository.PersonaRepository.findByName(java.lang.String)! No property 'name' found for type 'Persona'; nested exception is java.lang.IllegalArgumentException: Failed to create query for method public abstract java.util.List com.tienda.repository.PersonaRepository.findByName(java.lang.String)! No property 'name' found for type 'Persona'
Caused by: org.springframework.data.repository.query.QueryCreationException: Could not create query for public abstract java.util.List com.tienda.repository.PersonaRepository.findByName(java.lang.String); Reason: Failed to create query for method public abstract java.util.List com.tienda.repository.PersonaRepository.findByName(java.lang.String)! No property 'name' found for type 'Persona'; nested exception is java.lang.IllegalArgumentException: Failed to create query for method public abstract java.util.List com.tienda.repository.PersonaRepository.findByName(java.lang.String)! No property 'name' found for type 'Persona'
Caused by: java.lang.IllegalArgumentException: Failed to create query for method public abstract java.util.List com.tienda.repository.PersonaRepository.findByName(java.lang.String)! No property 'name' found for type 'Persona'
Caused by: org.springframework.data.mapping.PropertyReferenceException: No property 'name' found for type 'Persona'

